<?xml version="1.0" encoding="UTF-8"?>
<testsuites name="Upload file" time="24.899" tests="3" failures="0" errors="0">
   <testsuite name="Upload file" tests="3" failures="0" errors="0" time="24.899" skipped="0" timestamp="2023-05-30 17:02:11" hostname="ACER - LAPTOP-CJR7DT6D" id="Test Suites/Upload file">
      <properties>
         <property name="deviceName" value=""/>
         <property name="devicePlatform" value=""/>
         <property name="logFolder" value="C:\\Users\\ACER\\git\\CodingIDBatch-7\\Reports\\20230530_170208\\Upload file\\20230530_170209"/>
         <property name="logFiles" value="C:\\Users\\ACER\\git\\CodingIDBatch-7\\Reports\\20230530_170208\\Upload file\\20230530_170209\\execution0.log"/>
         <property name="attachments" value=""/>
         <property name="hostName" value="ACER - LAPTOP-CJR7DT6D"/>
         <property name="os" value="Windows 10 64bit"/>
         <property name="katalonVersion" value="8.6.0.208"/>
         <property name="browser" value="Chrome 113.0.0.0"/>
         <property name="hostAddress" value="192.168.1.27"/>
         <property name="sessionId" value="e5977db8917895377f1f0a11f466334d"/>
         <property name="seleniumVersion" value="3.141.59"/>
         <property name="proxyInformation" value="ProxyInformation { proxyOption=NO_PROXY, proxyServerType=HTTP, username=, password=********, proxyServerAddress=, proxyServerPort=0, executionList=&quot;&quot;, isApplyToDesiredCapabilities=true }"/>
         <property name="platform" value="Windows 10"/>
      </properties>
      <testcase name="Test Cases/TC002-Upload File Using Data Driven Testing" time="8.682" classname="Test Cases/TC002-Upload File Using Data Driven Testing" status="PASSED">
         <system-out><![CDATA[2023-05-30 17:02:12 - [TEST_CASE][PASSED] - Test Cases/TC002-Upload File Using Data Driven Testing: Test Cases/TC002-Upload File Using Data Driven Testing

2023-05-30 17:02:12 - [TEST_STEP][PASSED] - openBrowser(""): Browser is opened with url: ''

2023-05-30 17:02:12 - [MESSAGE][INFO] - Starting 'Chrome' driver

2023-05-30 17:02:12 - [MESSAGE][INFO] - Action delay is set to 0 milliseconds

2023-05-30 17:02:14 - [MESSAGE][PASSED] - Browser is opened with url: ''

2023-05-30 17:02:14 - [TEST_STEP][PASSED] - navigateToUrl("http://the-internet.herokuapp.com/upload"): Navigate to 'http://the-internet.herokuapp.com/upload' successfully

2023-05-30 17:02:18 - [MESSAGE][PASSED] - Navigate to 'http://the-internet.herokuapp.com/upload' successfully

2023-05-30 17:02:18 - [TEST_STEP][PASSED] - uploadFile(findTestObject("The Internet/Page_The Internet/upload-file"), filePath): File 'C:\Users\ACER\Pictures\Quality Assurance #7.png' sent to object: 'Object Repository/The Internet/Page_The Internet/upload-file'

2023-05-30 17:02:18 - [MESSAGE][PASSED] - File 'C:\Users\ACER\Pictures\Quality Assurance #7.png' sent to object: 'Object Repository/The Internet/Page_The Internet/upload-file'

2023-05-30 17:02:18 - [TEST_STEP][PASSED] - click(findTestObject("Object Repository/The Internet/Page_The Internet/btn-submit")): Object: 'Object Repository/The Internet/Page_The Internet/btn-submit' is clicked on

2023-05-30 17:02:20 - [MESSAGE][PASSED] - Object: 'Object Repository/The Internet/Page_The Internet/btn-submit' is clicked on

2023-05-30 17:02:20 - [TEST_STEP][PASSED] - verifyTextPresent("File Uploaded!", false): Text 'File Uploaded!' is present on page 

2023-05-30 17:02:20 - [MESSAGE][PASSED] - Text 'File Uploaded!' is present on page]]></system-out>
         <system-err><![CDATA[]]></system-err>
      </testcase>
      <testcase name="Test Cases/TC002-Upload File Using Data Driven Testing" time="8.171" classname="Test Cases/TC002-Upload File Using Data Driven Testing" status="PASSED">
         <system-out><![CDATA[2023-05-30 17:02:21 - [TEST_CASE][PASSED] - Test Cases/TC002-Upload File Using Data Driven Testing: Test Cases/TC002-Upload File Using Data Driven Testing

2023-05-30 17:02:21 - [TEST_STEP][PASSED] - openBrowser(""): Browser is opened with url: ''

2023-05-30 17:02:21 - [MESSAGE][WARNING] - A browser is already opened. Closing browser and opening a new one

2023-05-30 17:02:21 - [MESSAGE][INFO] - Starting 'Chrome' driver

2023-05-30 17:02:21 - [MESSAGE][INFO] - Action delay is set to 0 milliseconds

2023-05-30 17:02:22 - [MESSAGE][PASSED] - Browser is opened with url: ''

2023-05-30 17:02:22 - [TEST_STEP][PASSED] - navigateToUrl("http://the-internet.herokuapp.com/upload"): Navigate to 'http://the-internet.herokuapp.com/upload' successfully

2023-05-30 17:02:27 - [MESSAGE][PASSED] - Navigate to 'http://the-internet.herokuapp.com/upload' successfully

2023-05-30 17:02:27 - [TEST_STEP][PASSED] - uploadFile(findTestObject("The Internet/Page_The Internet/upload-file"), filePath): File 'C:\Users\ACER\Videos\ttd.png' sent to object: 'Object Repository/The Internet/Page_The Internet/upload-file'

2023-05-30 17:02:28 - [MESSAGE][PASSED] - File 'C:\Users\ACER\Videos\ttd.png' sent to object: 'Object Repository/The Internet/Page_The Internet/upload-file'

2023-05-30 17:02:28 - [TEST_STEP][PASSED] - click(findTestObject("Object Repository/The Internet/Page_The Internet/btn-submit")): Object: 'Object Repository/The Internet/Page_The Internet/btn-submit' is clicked on

2023-05-30 17:02:28 - [MESSAGE][PASSED] - Object: 'Object Repository/The Internet/Page_The Internet/btn-submit' is clicked on

2023-05-30 17:02:28 - [TEST_STEP][PASSED] - verifyTextPresent("File Uploaded!", false): Text 'File Uploaded!' is present on page 

2023-05-30 17:02:29 - [MESSAGE][PASSED] - Text 'File Uploaded!' is present on page]]></system-out>
         <system-err><![CDATA[]]></system-err>
      </testcase>
      <testcase name="Test Cases/TC002-Upload File Using Data Driven Testing" time="7.648" classname="Test Cases/TC002-Upload File Using Data Driven Testing" status="PASSED">
         <system-out><![CDATA[2023-05-30 17:02:29 - [TEST_CASE][PASSED] - Test Cases/TC002-Upload File Using Data Driven Testing: Test Cases/TC002-Upload File Using Data Driven Testing

2023-05-30 17:02:29 - [TEST_STEP][PASSED] - openBrowser(""): Browser is opened with url: ''

2023-05-30 17:02:29 - [MESSAGE][WARNING] - A browser is already opened. Closing browser and opening a new one

2023-05-30 17:02:29 - [MESSAGE][INFO] - Starting 'Chrome' driver

2023-05-30 17:02:29 - [MESSAGE][INFO] - Action delay is set to 0 milliseconds

2023-05-30 17:02:31 - [MESSAGE][PASSED] - Browser is opened with url: ''

2023-05-30 17:02:31 - [TEST_STEP][PASSED] - navigateToUrl("http://the-internet.herokuapp.com/upload"): Navigate to 'http://the-internet.herokuapp.com/upload' successfully

2023-05-30 17:02:35 - [MESSAGE][PASSED] - Navigate to 'http://the-internet.herokuapp.com/upload' successfully

2023-05-30 17:02:35 - [TEST_STEP][PASSED] - uploadFile(findTestObject("The Internet/Page_The Internet/upload-file"), filePath): File 'C:\Users\ACER\Videos\dataFile.xlsx' sent to object: 'Object Repository/The Internet/Page_The Internet/upload-file'

2023-05-30 17:02:35 - [MESSAGE][PASSED] - File 'C:\Users\ACER\Videos\dataFile.xlsx' sent to object: 'Object Repository/The Internet/Page_The Internet/upload-file'

2023-05-30 17:02:35 - [TEST_STEP][PASSED] - click(findTestObject("Object Repository/The Internet/Page_The Internet/btn-submit")): Object: 'Object Repository/The Internet/Page_The Internet/btn-submit' is clicked on

2023-05-30 17:02:36 - [MESSAGE][PASSED] - Object: 'Object Repository/The Internet/Page_The Internet/btn-submit' is clicked on

2023-05-30 17:02:36 - [TEST_STEP][PASSED] - verifyTextPresent("File Uploaded!", false): Text 'File Uploaded!' is present on page 

2023-05-30 17:02:36 - [MESSAGE][PASSED] - Text 'File Uploaded!' is present on page]]></system-out>
         <system-err><![CDATA[]]></system-err>
      </testcase>
      <system-out><![CDATA[2023-05-30 17:02:11 - [TEST_SUITE][PASSED] - Upload file: Test Cases/TC002-Upload File Using Data Driven Testing]]></system-out>
      <system-err><![CDATA[]]></system-err>
   </testsuite>
</testsuites>
