<?xml version="1.0" encoding="UTF-8"?>
<testsuites name="AddToCart and RemoveFromCart" time="21.554" tests="2" failures="0" errors="0">
   <testsuite name="AddToCart and RemoveFromCart" tests="2" failures="0" errors="0" time="21.554" skipped="0" timestamp="2023-05-27 19:34:44" hostname="ACER - LAPTOP-CJR7DT6D" id="Test Suites/AddToCart and RemoveFromCart">
      <properties>
         <property name="deviceName" value=""/>
         <property name="devicePlatform" value=""/>
         <property name="logFolder" value="C:\\Users\\ACER\\git\\CodingIDBatch-7\\Reports\\20230527_193441\\AddToCart and RemoveFromCart\\20230527_193442"/>
         <property name="logFiles" value="C:\\Users\\ACER\\git\\CodingIDBatch-7\\Reports\\20230527_193441\\AddToCart and RemoveFromCart\\20230527_193442\\execution0.log"/>
         <property name="attachments" value=""/>
         <property name="hostName" value="ACER - LAPTOP-CJR7DT6D"/>
         <property name="os" value="Windows 10 64bit"/>
         <property name="katalonVersion" value="8.6.0.208"/>
         <property name="browser" value="Chrome 113.0.0.0"/>
         <property name="hostAddress" value="192.168.1.13"/>
         <property name="sessionId" value="b05289ff6e657e6dc479ae371bb24c75"/>
         <property name="seleniumVersion" value="3.141.59"/>
         <property name="proxyInformation" value="ProxyInformation { proxyOption=NO_PROXY, proxyServerType=HTTP, username=, password=********, proxyServerAddress=, proxyServerPort=0, executionList=&quot;&quot;, isApplyToDesiredCapabilities=true }"/>
         <property name="platform" value="Windows 10"/>
      </properties>
      <testcase name="Test Cases/Swag Lab/AddToCart" time="10.749" classname="Test Cases/Swag Lab/AddToCart" status="PASSED">
         <system-out><![CDATA[2023-05-27 19:34:44 - [TEST_CASE][PASSED] - Test Cases/Swag Lab/AddToCart: Test Cases/Swag Lab/AddToCart

2023-05-27 19:34:45 - [TEST_STEP][PASSED] - openBrowser(""): Browser is opened with url: ''

2023-05-27 19:34:45 - [MESSAGE][INFO] - Starting 'Chrome' driver

2023-05-27 19:34:45 - [MESSAGE][INFO] - Action delay is set to 0 milliseconds

2023-05-27 19:34:47 - [MESSAGE][PASSED] - Browser is opened with url: ''

2023-05-27 19:34:47 - [TEST_STEP][PASSED] - navigateToUrl("https://www.saucedemo.com/"): Navigate to 'https://www.saucedemo.com/' successfully

2023-05-27 19:34:48 - [MESSAGE][PASSED] - Navigate to 'https://www.saucedemo.com/' successfully

2023-05-27 19:34:48 - [TEST_STEP][PASSED] - setText(findTestObject("Swag Lab/Login_SwagLab/input_user-name"), "standard_user"): Text 'standard_user' is set on object 'Object Repository/Swag Lab/Login_SwagLab/input_user-name'

2023-05-27 19:34:48 - [MESSAGE][PASSED] - Text 'standard_user' is set on object 'Object Repository/Swag Lab/Login_SwagLab/input_user-name'

2023-05-27 19:34:48 - [TEST_STEP][PASSED] - setEncryptedText(findTestObject("Swag Lab/Login_SwagLab/input_password"), "qcu24s4901FyWDTwXGr6XA=="): Text ****** has been set on object 'Object Repository/Swag Lab/Login_SwagLab/input_password'

2023-05-27 19:34:49 - [MESSAGE][PASSED] - Text ****** has been set on object 'Object Repository/Swag Lab/Login_SwagLab/input_password'

2023-05-27 19:34:49 - [TEST_STEP][PASSED] - click(findTestObject("Swag Lab/Login_SwagLab/Login-button")): Object: 'Object Repository/Swag Lab/Login_SwagLab/Login-button' is clicked on

2023-05-27 19:34:49 - [MESSAGE][PASSED] - Object: 'Object Repository/Swag Lab/Login_SwagLab/Login-button' is clicked on

2023-05-27 19:34:49 - [TEST_STEP][PASSED] - click(findTestObject("Object Repository/Swag Lab/addToCart/Page_Swag Labs/button_Add to cart")): Object: 'Object Repository/Swag Lab/addToCart/Page_Swag Labs/button_Add to cart' is clicked on

2023-05-27 19:34:50 - [MESSAGE][PASSED] - Object: 'Object Repository/Swag Lab/addToCart/Page_Swag Labs/button_Add to cart' is clicked on

2023-05-27 19:34:50 - [TEST_STEP][PASSED] - click(findTestObject("Object Repository/Swag Lab/addToCart/Page_Swag Labs/button_Add to cart_1")): Object: 'Object Repository/Swag Lab/addToCart/Page_Swag Labs/button_Add to cart_1' is clicked on

2023-05-27 19:34:50 - [MESSAGE][PASSED] - Object: 'Object Repository/Swag Lab/addToCart/Page_Swag Labs/button_Add to cart_1' is clicked on

2023-05-27 19:34:50 - [TEST_STEP][PASSED] - click(findTestObject("Object Repository/Swag Lab/addToCart/Page_Swag Labs/button_Add to cart_1_2")): Object: 'Object Repository/Swag Lab/addToCart/Page_Swag Labs/button_Add to cart_1_2' is clicked on

2023-05-27 19:34:51 - [MESSAGE][PASSED] - Object: 'Object Repository/Swag Lab/addToCart/Page_Swag Labs/button_Add to cart_1_2' is clicked on

2023-05-27 19:34:51 - [TEST_STEP][PASSED] - click(findTestObject("Object Repository/Swag Lab/addToCart/Page_Swag Labs/button_Add to cart_1_2_3")): Object: 'Object Repository/Swag Lab/addToCart/Page_Swag Labs/button_Add to cart_1_2_3' is clicked on

2023-05-27 19:34:51 - [MESSAGE][PASSED] - Object: 'Object Repository/Swag Lab/addToCart/Page_Swag Labs/button_Add to cart_1_2_3' is clicked on

2023-05-27 19:34:51 - [TEST_STEP][PASSED] - click(findTestObject("Object Repository/Swag Lab/addToCart/Page_Swag Labs/button_Add to cart_1_2_3_4")): Object: 'Object Repository/Swag Lab/addToCart/Page_Swag Labs/button_Add to cart_1_2_3_4' is clicked on

2023-05-27 19:34:52 - [MESSAGE][PASSED] - Object: 'Object Repository/Swag Lab/addToCart/Page_Swag Labs/button_Add to cart_1_2_3_4' is clicked on

2023-05-27 19:34:52 - [TEST_STEP][PASSED] - click(findTestObject("Object Repository/Swag Lab/addToCart/Page_Swag Labs/button_Add to cart_1_2_3_4_5")): Object: 'Object Repository/Swag Lab/addToCart/Page_Swag Labs/button_Add to cart_1_2_3_4_5' is clicked on

2023-05-27 19:34:52 - [MESSAGE][PASSED] - Object: 'Object Repository/Swag Lab/addToCart/Page_Swag Labs/button_Add to cart_1_2_3_4_5' is clicked on

2023-05-27 19:34:52 - [TEST_STEP][PASSED] - delay(2): Delayed 2 second(s)

2023-05-27 19:34:54 - [MESSAGE][PASSED] - Delayed 2 second(s)

2023-05-27 19:34:55 - [TEST_STEP][PASSED] - closeBrowser(): Browser is closed

2023-05-27 19:34:55 - [MESSAGE][PASSED] - Browser is closed]]></system-out>
         <system-err><![CDATA[]]></system-err>
      </testcase>
      <testcase name="Test Cases/Swag Lab/Remove from Cart" time="10.594" classname="Test Cases/Swag Lab/Remove from Cart" status="PASSED">
         <system-out><![CDATA[2023-05-27 19:34:55 - [TEST_CASE][PASSED] - Test Cases/Swag Lab/Remove from Cart: Test Cases/Swag Lab/Remove from Cart

2023-05-27 19:34:55 - [TEST_STEP][PASSED] - openBrowser(""): Browser is opened with url: ''

2023-05-27 19:34:55 - [MESSAGE][INFO] - Starting 'Chrome' driver

2023-05-27 19:34:55 - [MESSAGE][INFO] - Action delay is set to 0 milliseconds

2023-05-27 19:34:56 - [MESSAGE][PASSED] - Browser is opened with url: ''

2023-05-27 19:34:56 - [TEST_STEP][PASSED] - navigateToUrl("https://www.saucedemo.com/"): Navigate to 'https://www.saucedemo.com/' successfully

2023-05-27 19:34:57 - [MESSAGE][PASSED] - Navigate to 'https://www.saucedemo.com/' successfully

2023-05-27 19:34:57 - [TEST_STEP][PASSED] - setText(findTestObject("Swag Lab/Login_SwagLab/input_user-name"), "standard_user"): Text 'standard_user' is set on object 'Object Repository/Swag Lab/Login_SwagLab/input_user-name'

2023-05-27 19:34:58 - [MESSAGE][PASSED] - Text 'standard_user' is set on object 'Object Repository/Swag Lab/Login_SwagLab/input_user-name'

2023-05-27 19:34:58 - [TEST_STEP][PASSED] - setEncryptedText(findTestObject("Swag Lab/Login_SwagLab/input_password"), "qcu24s4901FyWDTwXGr6XA=="): Text ****** has been set on object 'Object Repository/Swag Lab/Login_SwagLab/input_password'

2023-05-27 19:34:59 - [MESSAGE][PASSED] - Text ****** has been set on object 'Object Repository/Swag Lab/Login_SwagLab/input_password'

2023-05-27 19:34:59 - [TEST_STEP][PASSED] - click(findTestObject("Swag Lab/Login_SwagLab/Login-button")): Object: 'Object Repository/Swag Lab/Login_SwagLab/Login-button' is clicked on

2023-05-27 19:34:59 - [MESSAGE][PASSED] - Object: 'Object Repository/Swag Lab/Login_SwagLab/Login-button' is clicked on

2023-05-27 19:34:59 - [TEST_STEP][PASSED] - click(findTestObject("Swag Lab/addToCart/Page_Swag Labs/button_Add to cart")): Object: 'Object Repository/Swag Lab/addToCart/Page_Swag Labs/button_Add to cart' is clicked on

2023-05-27 19:34:59 - [MESSAGE][PASSED] - Object: 'Object Repository/Swag Lab/addToCart/Page_Swag Labs/button_Add to cart' is clicked on

2023-05-27 19:34:59 - [TEST_STEP][PASSED] - click(findTestObject("Object Repository/Swag Lab/addToCart/Page_Swag Labs/button_Add to cart_1")): Object: 'Object Repository/Swag Lab/addToCart/Page_Swag Labs/button_Add to cart_1' is clicked on

2023-05-27 19:35:00 - [MESSAGE][PASSED] - Object: 'Object Repository/Swag Lab/addToCart/Page_Swag Labs/button_Add to cart_1' is clicked on

2023-05-27 19:35:00 - [TEST_STEP][PASSED] - click(findTestObject("Object Repository/Swag Lab/addToCart/Page_Swag Labs/button_Add to cart_1_2")): Object: 'Object Repository/Swag Lab/addToCart/Page_Swag Labs/button_Add to cart_1_2' is clicked on

2023-05-27 19:35:00 - [MESSAGE][PASSED] - Object: 'Object Repository/Swag Lab/addToCart/Page_Swag Labs/button_Add to cart_1_2' is clicked on

2023-05-27 19:35:00 - [TEST_STEP][PASSED] - click(findTestObject("Object Repository/Swag Lab/addToCart/Page_Swag Labs/button_Add to cart_1_2_3")): Object: 'Object Repository/Swag Lab/addToCart/Page_Swag Labs/button_Add to cart_1_2_3' is clicked on

2023-05-27 19:35:01 - [MESSAGE][PASSED] - Object: 'Object Repository/Swag Lab/addToCart/Page_Swag Labs/button_Add to cart_1_2_3' is clicked on

2023-05-27 19:35:01 - [TEST_STEP][PASSED] - click(findTestObject("Object Repository/Swag Lab/addToCart/Page_Swag Labs/button_Add to cart_1_2_3_4")): Object: 'Object Repository/Swag Lab/addToCart/Page_Swag Labs/button_Add to cart_1_2_3_4' is clicked on

2023-05-27 19:35:01 - [MESSAGE][PASSED] - Object: 'Object Repository/Swag Lab/addToCart/Page_Swag Labs/button_Add to cart_1_2_3_4' is clicked on

2023-05-27 19:35:01 - [TEST_STEP][PASSED] - click(findTestObject("Object Repository/Swag Lab/addToCart/Page_Swag Labs/button_Add to cart_1_2_3_4_5")): Object: 'Object Repository/Swag Lab/addToCart/Page_Swag Labs/button_Add to cart_1_2_3_4_5' is clicked on

2023-05-27 19:35:02 - [MESSAGE][PASSED] - Object: 'Object Repository/Swag Lab/addToCart/Page_Swag Labs/button_Add to cart_1_2_3_4_5' is clicked on

2023-05-27 19:35:02 - [TEST_STEP][PASSED] - click(findTestObject("Object Repository/Swag Lab/addToCart/Page_Swag Labs/button_Remove")): Object: 'Object Repository/Swag Lab/addToCart/Page_Swag Labs/button_Remove' is clicked on

2023-05-27 19:35:03 - [MESSAGE][PASSED] - Object: 'Object Repository/Swag Lab/addToCart/Page_Swag Labs/button_Remove' is clicked on

2023-05-27 19:35:03 - [TEST_STEP][PASSED] - click(findTestObject("Object Repository/Swag Lab/addToCart/Page_Swag Labs/button_Remove_1")): Object: 'Object Repository/Swag Lab/addToCart/Page_Swag Labs/button_Remove_1' is clicked on

2023-05-27 19:35:03 - [MESSAGE][PASSED] - Object: 'Object Repository/Swag Lab/addToCart/Page_Swag Labs/button_Remove_1' is clicked on

2023-05-27 19:35:03 - [TEST_STEP][PASSED] - delay(2): Delayed 2 second(s)

2023-05-27 19:35:05 - [MESSAGE][PASSED] - Delayed 2 second(s)

2023-05-27 19:35:05 - [TEST_STEP][PASSED] - closeBrowser(): Browser is closed

2023-05-27 19:35:06 - [MESSAGE][PASSED] - Browser is closed]]></system-out>
         <system-err><![CDATA[]]></system-err>
      </testcase>
      <system-out><![CDATA[2023-05-27 19:34:44 - [TEST_SUITE][PASSED] - AddToCart and RemoveFromCart: Test Cases/Swag Lab/Remove from Cart]]></system-out>
      <system-err><![CDATA[]]></system-err>
   </testsuite>
</testsuites>
