<?xml version="1.0" encoding="UTF-8"?>
<testsuites name="Upload file" time="28.584" tests="3" failures="0" errors="0">
   <testsuite name="Upload file" tests="3" failures="0" errors="0" time="28.584" skipped="0" timestamp="2023-05-30 16:56:29" hostname="ACER - LAPTOP-CJR7DT6D" id="Test Suites/Upload file">
      <properties>
         <property name="deviceName" value=""/>
         <property name="devicePlatform" value=""/>
         <property name="logFolder" value="C:\\Users\\ACER\\git\\CodingIDBatch-7\\Reports\\20230530_165627\\Upload file\\20230530_165627"/>
         <property name="logFiles" value="C:\\Users\\ACER\\git\\CodingIDBatch-7\\Reports\\20230530_165627\\Upload file\\20230530_165627\\execution0.log"/>
         <property name="attachments" value=""/>
         <property name="hostName" value="ACER - LAPTOP-CJR7DT6D"/>
         <property name="os" value="Windows 10 64bit"/>
         <property name="katalonVersion" value="8.6.0.208"/>
         <property name="browser" value="Chrome 113.0.0.0"/>
         <property name="hostAddress" value="192.168.1.27"/>
         <property name="sessionId" value="8e92092d3fb5ea59ea4f5d0786b29c9c"/>
         <property name="seleniumVersion" value="3.141.59"/>
         <property name="proxyInformation" value="ProxyInformation { proxyOption=NO_PROXY, proxyServerType=HTTP, username=, password=********, proxyServerAddress=, proxyServerPort=0, executionList=&quot;&quot;, isApplyToDesiredCapabilities=true }"/>
         <property name="platform" value="Windows 10"/>
      </properties>
      <testcase name="Test Cases/TC002-Upload File Using Data Driven Testing" time="10.204" classname="Test Cases/TC002-Upload File Using Data Driven Testing" status="PASSED">
         <system-out><![CDATA[2023-05-30 16:56:29 - [TEST_CASE][PASSED] - Test Cases/TC002-Upload File Using Data Driven Testing: Test Cases/TC002-Upload File Using Data Driven Testing

2023-05-30 16:56:30 - [TEST_STEP][PASSED] - openBrowser(""): Browser is opened with url: ''

2023-05-30 16:56:30 - [MESSAGE][INFO] - Starting 'Chrome' driver

2023-05-30 16:56:30 - [MESSAGE][INFO] - Action delay is set to 0 milliseconds

2023-05-30 16:56:32 - [MESSAGE][PASSED] - Browser is opened with url: ''

2023-05-30 16:56:32 - [TEST_STEP][PASSED] - navigateToUrl("http://the-internet.herokuapp.com/upload"): Navigate to 'http://the-internet.herokuapp.com/upload' successfully

2023-05-30 16:56:36 - [MESSAGE][PASSED] - Navigate to 'http://the-internet.herokuapp.com/upload' successfully

2023-05-30 16:56:36 - [TEST_STEP][PASSED] - uploadFile(findTestObject("The Internet/Page_The Internet/upload-file"), file): File 'C:\Users\ACER\Pictures\Quality Assurance #7.png' sent to object: 'Object Repository/The Internet/Page_The Internet/upload-file'

2023-05-30 16:56:36 - [MESSAGE][PASSED] - File 'C:\Users\ACER\Pictures\Quality Assurance #7.png' sent to object: 'Object Repository/The Internet/Page_The Internet/upload-file'

2023-05-30 16:56:36 - [TEST_STEP][PASSED] - click(findTestObject("Object Repository/The Internet/Page_The Internet/btn-submit")): Object: 'Object Repository/The Internet/Page_The Internet/btn-submit' is clicked on

2023-05-30 16:56:39 - [MESSAGE][PASSED] - Object: 'Object Repository/The Internet/Page_The Internet/btn-submit' is clicked on

2023-05-30 16:56:39 - [TEST_STEP][PASSED] - click(findTestObject("Object Repository/The Internet/Page_The Internet/div_Quality Assurance 7.png")): Object: 'Object Repository/The Internet/Page_The Internet/div_Quality Assurance 7.png' is clicked on

2023-05-30 16:56:39 - [MESSAGE][PASSED] - Object: 'Object Repository/The Internet/Page_The Internet/div_Quality Assurance 7.png' is clicked on

2023-05-30 16:56:39 - [TEST_STEP][PASSED] - verifyTextPresent("File Uploaded!", false): Text 'File Uploaded!' is present on page 

2023-05-30 16:56:40 - [MESSAGE][PASSED] - Text 'File Uploaded!' is present on page]]></system-out>
         <system-err><![CDATA[]]></system-err>
      </testcase>
      <testcase name="Test Cases/TC002-Upload File Using Data Driven Testing" time="10.151" classname="Test Cases/TC002-Upload File Using Data Driven Testing" status="PASSED">
         <system-out><![CDATA[2023-05-30 16:56:40 - [TEST_CASE][PASSED] - Test Cases/TC002-Upload File Using Data Driven Testing: Test Cases/TC002-Upload File Using Data Driven Testing

2023-05-30 16:56:40 - [TEST_STEP][PASSED] - openBrowser(""): Browser is opened with url: ''

2023-05-30 16:56:40 - [MESSAGE][WARNING] - A browser is already opened. Closing browser and opening a new one

2023-05-30 16:56:40 - [MESSAGE][INFO] - Starting 'Chrome' driver

2023-05-30 16:56:40 - [MESSAGE][INFO] - Action delay is set to 0 milliseconds

2023-05-30 16:56:42 - [MESSAGE][PASSED] - Browser is opened with url: ''

2023-05-30 16:56:42 - [TEST_STEP][PASSED] - navigateToUrl("http://the-internet.herokuapp.com/upload"): Navigate to 'http://the-internet.herokuapp.com/upload' successfully

2023-05-30 16:56:46 - [MESSAGE][PASSED] - Navigate to 'http://the-internet.herokuapp.com/upload' successfully

2023-05-30 16:56:46 - [TEST_STEP][PASSED] - uploadFile(findTestObject("The Internet/Page_The Internet/upload-file"), file): File 'C:\Users\ACER\Pictures\Quality Assurance #7.png' sent to object: 'Object Repository/The Internet/Page_The Internet/upload-file'

2023-05-30 16:56:46 - [MESSAGE][PASSED] - File 'C:\Users\ACER\Pictures\Quality Assurance #7.png' sent to object: 'Object Repository/The Internet/Page_The Internet/upload-file'

2023-05-30 16:56:46 - [TEST_STEP][PASSED] - click(findTestObject("Object Repository/The Internet/Page_The Internet/btn-submit")): Object: 'Object Repository/The Internet/Page_The Internet/btn-submit' is clicked on

2023-05-30 16:56:48 - [MESSAGE][PASSED] - Object: 'Object Repository/The Internet/Page_The Internet/btn-submit' is clicked on

2023-05-30 16:56:48 - [TEST_STEP][PASSED] - click(findTestObject("Object Repository/The Internet/Page_The Internet/div_Quality Assurance 7.png")): Object: 'Object Repository/The Internet/Page_The Internet/div_Quality Assurance 7.png' is clicked on

2023-05-30 16:56:49 - [MESSAGE][PASSED] - Object: 'Object Repository/The Internet/Page_The Internet/div_Quality Assurance 7.png' is clicked on

2023-05-30 16:56:49 - [TEST_STEP][PASSED] - verifyTextPresent("File Uploaded!", false): Text 'File Uploaded!' is present on page 

2023-05-30 16:56:50 - [MESSAGE][PASSED] - Text 'File Uploaded!' is present on page]]></system-out>
         <system-err><![CDATA[]]></system-err>
      </testcase>
      <testcase name="Test Cases/TC002-Upload File Using Data Driven Testing" time="7.774" classname="Test Cases/TC002-Upload File Using Data Driven Testing" status="PASSED">
         <system-out><![CDATA[2023-05-30 16:56:50 - [TEST_CASE][PASSED] - Test Cases/TC002-Upload File Using Data Driven Testing: Test Cases/TC002-Upload File Using Data Driven Testing

2023-05-30 16:56:50 - [TEST_STEP][PASSED] - openBrowser(""): Browser is opened with url: ''

2023-05-30 16:56:50 - [MESSAGE][WARNING] - A browser is already opened. Closing browser and opening a new one

2023-05-30 16:56:50 - [MESSAGE][INFO] - Starting 'Chrome' driver

2023-05-30 16:56:50 - [MESSAGE][INFO] - Action delay is set to 0 milliseconds

2023-05-30 16:56:52 - [MESSAGE][PASSED] - Browser is opened with url: ''

2023-05-30 16:56:52 - [TEST_STEP][PASSED] - navigateToUrl("http://the-internet.herokuapp.com/upload"): Navigate to 'http://the-internet.herokuapp.com/upload' successfully

2023-05-30 16:56:55 - [MESSAGE][PASSED] - Navigate to 'http://the-internet.herokuapp.com/upload' successfully

2023-05-30 16:56:55 - [TEST_STEP][PASSED] - uploadFile(findTestObject("The Internet/Page_The Internet/upload-file"), file): File 'C:\Users\ACER\Pictures\Quality Assurance #7.png' sent to object: 'Object Repository/The Internet/Page_The Internet/upload-file'

2023-05-30 16:56:55 - [MESSAGE][PASSED] - File 'C:\Users\ACER\Pictures\Quality Assurance #7.png' sent to object: 'Object Repository/The Internet/Page_The Internet/upload-file'

2023-05-30 16:56:55 - [TEST_STEP][PASSED] - click(findTestObject("Object Repository/The Internet/Page_The Internet/btn-submit")): Object: 'Object Repository/The Internet/Page_The Internet/btn-submit' is clicked on

2023-05-30 16:56:57 - [MESSAGE][PASSED] - Object: 'Object Repository/The Internet/Page_The Internet/btn-submit' is clicked on

2023-05-30 16:56:57 - [TEST_STEP][PASSED] - click(findTestObject("Object Repository/The Internet/Page_The Internet/div_Quality Assurance 7.png")): Object: 'Object Repository/The Internet/Page_The Internet/div_Quality Assurance 7.png' is clicked on

2023-05-30 16:56:57 - [MESSAGE][PASSED] - Object: 'Object Repository/The Internet/Page_The Internet/div_Quality Assurance 7.png' is clicked on

2023-05-30 16:56:57 - [TEST_STEP][PASSED] - verifyTextPresent("File Uploaded!", false): Text 'File Uploaded!' is present on page 

2023-05-30 16:56:58 - [MESSAGE][PASSED] - Text 'File Uploaded!' is present on page]]></system-out>
         <system-err><![CDATA[]]></system-err>
      </testcase>
      <system-out><![CDATA[2023-05-30 16:56:29 - [TEST_SUITE][PASSED] - Upload file: Test Cases/TC002-Upload File Using Data Driven Testing]]></system-out>
      <system-err><![CDATA[]]></system-err>
   </testsuite>
</testsuites>
